             SUSPECT2.4 OUTPUT: pMSSM CASE
             -----------------------------
Spectrum calculation only at low (EWSB) energy  scale
             -----------------------------
Input values:
-------------
  M_top      mb_mb      M_tau      1/alpha    sw**2(M_Z)   alpha_S
  173.4      4.250      1.777      127.93     0.2221       0.1184    

Input non-universal soft terms at M_EWSB
----------------------------------------
  Q_EWSB    mu         M_A        tan(beta)  sign(mu)
  2496.      2500.      2500.      9.531      1.000    
  M_1        M_2        M_3
  300.0      2500.      360.0    

  m_eR       m_eL       m_dR       m_uR       m_qL
  2500.      360.0      360.0      360.0      360.0    

  m_tauR     m_tauL     m_bR       m_tR       m_QL
  2500.      2500.      2500.      2500.      2500.    

  Atau       Abottom    Atop       Al         Ad         Au
  0.000      0.000      5000.      0.000      0.000      0.000    

Fermion masses and gauge couplings: Q=EWSB
------------------------------------------
  M_top      M_bot      M_tau        g1         g2         g3
  141.3      2.210      1.752     0.4713     0.6396      1.063    

Mass matrices and mixing angles:
--------------------------------
  tan(beta)  alpha_(h,H)
  9.531    -0.1050    

  thet_tau    thet_b           thet_t
 0.7858     0.7978      2.218    

  Z(i,j)
  0.9998     -0.2088E-03  0.1815E-01 -0.4031E-02
  0.1131E-01  0.7073     -0.5047      0.4949    
  0.9983E-02 -0.9796E-02 -0.7069     -0.7072    
  0.1088E-01 -0.7069     -0.4952      0.5049    

  U(i,j)                  V(i,j)
 -0.7001      0.7140     -0.7140      0.7001    
  0.7140      0.7001      0.7001      0.7140    

Final Higgs and SUSY particle masses: 
------------------------------------- 
  h           H           A           H+
  125.43      2500.1      2500.0      2501.6    

  chi+_1     chi+_2     chi0_1     chi0_2     chi0_3     chi0_4
  2440.      2561.      299.7      2440.     -2501.      2561.    

  gluino
  456.1    

  stop_1     stop_2     sup_1      sup_2
  2348.      2616.      394.9      396.7    

  sbot_1     sbot_2     sdown_1    sdown_2
  2514.      2536.      402.4      399.1    

  stau_1     stau_2     snutau     selec_1    selec_2    snuelec
  2492.      2509.      2499.      362.8      2500.      354.5    

Low-energy/LEP precision parameter values:
 Delta_rho   g_mu -2   Br(b->s gamma)
 0.2678E-04 0.5968E-10 0.3421E-03
Fine-tuning values for info: fine-tuned if >>1
dmZ^2/mZ^2(mu^2) dmZ^2/mZ^2(B.mu) dmt/mt(mu)     dmt/mt(B.mu)
  1565.      29.66      782.5      14.82    

Warning/Error Flags: errmess(1)-(10):
-------------------------------------
   0. 0.-1. 0. 0. 0. 0. 0. 0. 0.
---------------------------------
errmess(i)= 0: Everything is fine.
errmess(1)=-1: tachyon 3rd gen. sfermion from RGE
errmess(2)=-1: tachyon 1,2 gen. sfermion from RGE
errmess(3)=-1: tachyon A    (maybe temporary: see final mass) 
errmess(4)=-1: tachyon 3rd gen. sfermion from mixing
errmess(5)=-1: mu unstable after many iter
errmess(6)=-1: non-convergent mu from EWSB 
errmess(7)=-1: EWSB maybe inconsistent        (!but RG-improved only check)
errmess(8)=-1: V_eff maybe UFB or CCB         (!but RG-improved only check)
errmess(9)=-1: Higgs boson masses are NaN 
errmess(10)=-1: RGE problems (non-pert and/or Landau poles)
Warning:  MA^2(Q) <0 at a scale MZ<Q<EWSB ! 
check final results 
